{"C:\\Users\\simplon\\Desktop\\P3\\arena_maven\\backend\\src\\services\\parsedMembers.js": {"path":"C:\\Users\\simplon\\Desktop\\P3\\arena_maven\\backend\\src\\services\\parsedMembers.js","all":false,"statementMap":{"0":{"start":{"line":1,"column":0},"end":{"line":1,"column":0}},"1":{"start":{"line":2,"column":0},"end":{"line":2,"column":33}},"2":{"start":{"line":3,"column":0},"end":{"line":3,"column":57}},"3":{"start":{"line":4,"column":0},"end":{"line":4,"column":38}},"4":{"start":{"line":5,"column":0},"end":{"line":5,"column":92}},"5":{"start":{"line":6,"column":0},"end":{"line":6,"column":3}},"6":{"start":{"line":7,"column":0},"end":{"line":7,"column":23}},"7":{"start":{"line":8,"column":0},"end":{"line":8,"column":1}},"8":{"start":{"line":9,"column":0},"end":{"line":9,"column":0}},"9":{"start":{"line":10,"column":0},"end":{"line":10,"column":35}}},"s":{"0":1,"1":4,"2":4,"3":4,"4":1,"5":1,"6":4,"7":4,"8":1,"9":1},"branchMap":{"0":{"type":"branch","line":2,"loc":{"start":{"line":2,"column":0},"end":{"line":8,"column":1}},"locations":[{"start":{"line":2,"column":0},"end":{"line":8,"column":1}}]},"1":{"type":"branch","line":3,"loc":{"start":{"line":3,"column":29},"end":{"line":3,"column":51}},"locations":[{"start":{"line":3,"column":29},"end":{"line":3,"column":51}}]},"2":{"type":"branch","line":3,"loc":{"start":{"line":3,"column":51},"end":{"line":3,"column":56}},"locations":[{"start":{"line":3,"column":51},"end":{"line":3,"column":56}}]},"3":{"type":"branch","line":4,"loc":{"start":{"line":4,"column":37},"end":{"line":6,"column":3}},"locations":[{"start":{"line":4,"column":37},"end":{"line":6,"column":3}}]}},"b":{"0":[4],"1":[3],"2":[1],"3":[1]},"fnMap":{"0":{"name":"parsedMembers","decl":{"start":{"line":2,"column":0},"end":{"line":8,"column":1}},"loc":{"start":{"line":2,"column":0},"end":{"line":8,"column":1}},"line":2}},"f":{"0":4}}
}
